<?xml version="1.0" encoding="UTF-8"?>
<testsuite xmlns:xsi="http://www.w3.org/2001/XMLSchema-instance" xsi:noNamespaceSchemaLocation="https://maven.apache.org/surefire/maven-surefire-plugin/xsd/surefire-test-report.xsd" name="TestSuite" time="26.451" tests="2" errors="0" skipped="0" failures="0">
  <properties>
    <property name="awt.toolkit" value="sun.awt.windows.WToolkit"/>
    <property name="java.specification.version" value="11"/>
    <property name="RUN_DISPLAY_URL" value="http://localhost:8080/job/inetBankingV2_AllureReport_Maven/8/display/redirect"/>
    <property name="HUDSON_HOME" value="C:\ProgramData\Jenkins\.jenkins"/>
    <property name="sun.cpu.isalist" value="amd64"/>
    <property name="RUN_CHANGES_DISPLAY_URL" value="http://localhost:8080/job/inetBankingV2_AllureReport_Maven/8/display/redirect?page=changes"/>
    <property name="sun.jnu.encoding" value="Cp1252"/>
    <property name="WINSW_SERVICE_ID" value="jenkins"/>
    <property name="ALLUSERSPROFILE" value="C:\ProgramData"/>
    <property name="sun.arch.data.model" value="64"/>
    <property name="ANDROID_HOME" value="C:\Users\sagar\AppData\Local\Android\Sdk"/>
    <property name="SystemDrive" value="C:"/>
    <property name="java.vendor.url" value="https://openjdk.java.net/"/>
    <property name="JENKINS_SERVER_COOKIE" value="8ccac01d96873892"/>
    <property name="SERVICE_ID" value="jenkins"/>
    <property name="USERNAME" value="DESKTOP-VAQKFJ2$"/>
    <property name="ProgramFiles(x86)" value="C:\Program Files (x86)"/>
    <property name="JENKINS_URL" value="http://localhost:8080/"/>
    <property name="sun.boot.library.path" value="C:\Program Files\Java\jdk-11\bin"/>
    <property name="sun.java.command" value="jenkins.maven3.agent.Maven35Main C:\apache-maven-3.8.7 C:\ProgramData\Jenkins\war\WEB-INF\lib\remoting-3131.vf2b_b_798b_ce99.jar C:\ProgramData\Jenkins\.jenkins\plugins\maven-plugin\WEB-INF\lib\maven35-interceptor-1.14.jar C:\ProgramData\Jenkins\.jenkins\plugins\maven-plugin\WEB-INF\lib\maven3-interceptor-commons-1.14.jar 58753"/>
    <property name="maven.home" value="C:\apache-maven-3.8.7"/>
    <property name="jdk.debug" value="release"/>
    <property name="PATHEXT" value=".COM;.EXE;.BAT;.CMD;.VBS;.VBE;.JS;.JSE;.WSF;.WSH;.MSC"/>
    <property name="DriverData" value="C:\Windows\System32\Drivers\DriverData"/>
    <property name="POM_GROUPID" value="BankingV2"/>
    <property name="java.specification.vendor" value="Oracle Corporation"/>
    <property name="jansi.mode" value="strip"/>
    <property name="java.version.date" value="2023-04-18"/>
    <property name="java.home" value="C:\Program Files\Java\jdk-11"/>
    <property name="JENKINS_HOME" value="C:\ProgramData\Jenkins\.jenkins"/>
    <property name="file.separator" value="\"/>
    <property name="java.vm.compressedOopsMode" value="32-bit"/>
    <property name="line.separator" value="&#10;"/>
    <property name="NODE_NAME" value="built-in"/>
    <property name="java.specification.name" value="Java Platform API Specification"/>
    <property name="java.vm.specification.vendor" value="Oracle Corporation"/>
    <property name="BUILD_DISPLAY_NAME" value="#8"/>
    <property name="PROCESSOR_IDENTIFIER" value="Intel64 Family 6 Model 126 Stepping 5, GenuineIntel"/>
    <property name="maven3.interceptor" value="C:\ProgramData\Jenkins\.jenkins\plugins\maven-plugin\WEB-INF\lib\maven35-interceptor-1.14.jar"/>
    <property name="PATH+MAVEN" value="C:\apache-maven-3.8.7/bin"/>
    <property name="maven3.interceptor.common" value="C:\ProgramData\Jenkins\.jenkins\plugins\maven-plugin\WEB-INF\lib\maven3-interceptor-commons-1.14.jar"/>
    <property name="ProgramFiles" value="C:\Program Files"/>
    <property name="PUBLIC" value="C:\Users\Public"/>
    <property name="windir" value="C:\WINDOWS"/>
    <property name="javax.accessibility.screen_magnifier_present" value="true"/>
    <property name="ZES_ENABLE_SYSMAN" value="1"/>
    <property name="WORKSPACE_TMP" value="C:\ProgramData\Jenkins\.jenkins\workspace\inetBankingV2_AllureReport_Maven@tmp"/>
    <property name="user.script" value=""/>
    <property name="sun.management.compiler" value="HotSpot 64-Bit Tiered Compilers"/>
    <property name="java.runtime.version" value="11.0.19+9-LTS-224"/>
    <property name="JAVA_HOME" value="C:\Program Files\Java\jdk-11\"/>
    <property name="user.name" value="DESKTOP-VAQKFJ2$"/>
    <property name="POM_ARTIFACTID" value="BankingV2"/>
    <property name="file.encoding" value="Cp1252"/>
    <property name="APPDATA" value="C:\WINDOWS\system32\config\systemprofile\AppData\Roaming"/>
    <property name="guice.disable.misplaced.annotation.check" value="true"/>
    <property name="HUDSON_URL" value="http://localhost:8080/"/>
    <property name="WORKSPACE" value="C:\ProgramData\Jenkins\.jenkins\workspace\inetBankingV2_AllureReport_Maven"/>
    <property name="java.vendor.version" value="18.9"/>
    <property name="Path" value="C:\Program Files\Java\jdk-11\/bin;C:\Program Files\Python38\Scripts\;C:\Program Files\Python38\;C:\Program Files\Common Files\Oracle\Java\javapath;C:\Program Files (x86)\Common Files\Oracle\Java\javapath;C:\WINDOWS\system32;C:\WINDOWS;C:\WINDOWS\System32\Wbem;C:\WINDOWS\System32\WindowsPowerShell\v1.0\;C:\WINDOWS\System32\OpenSSH\;C:\Program Files\Microsoft SQL Server\150\Tools\Binn\;C:\MinGW\bin;C:\apache-maven-3.8.7\bin\;C:\Program Files\Java\jdk1.8.0_321\bin;C:\apache-maven-3.8.7\\bin;C:\Program Files\nodejs\node_modules\;C:\Program Files\Git\cmd;C:\Program Files\Android\Android Studio\bin;C:\apache-maven-3.8.7\;C:\Program Files\Java\jdk1.8.0_321\\bin;C:\Users\sagar\AppData\Local\Android\Sdk\platform-tools;C:\Users\sagar\AppData\Local\Android\Sdk\tools;C:\Users\sagar\AppData\Local\Android\Sdk\build-tools;C:\Users\sagar\AppData\Local\Android\Sdk\tools\bin;C:\allure-2.13.0\bin;C:\Program Files\dotnet\;C:\Program Files (x86)\dotnet\;C:\Program Files\PuTTY\;C:\Gatling\gatling-charts-highcharts-bundle-3.9.5\bin;C:\Program Files\nodejs;C:\Program Files\nodejs\;C:\WINDOWS\system32\config\systemprofile\AppData\Local\Microsoft\WindowsApps"/>
    <property name="java.io.tmpdir" value="C:\WINDOWS\TEMP\"/>
    <property name="java.version" value="11.0.19"/>
    <property name="NODE_HOME" value="C:\Program Files\nodejs"/>
    <property name="CI" value="true"/>
    <property name="COMPUTERNAME" value="DESKTOP-VAQKFJ2"/>
    <property name="java.vm.specification.name" value="Java Virtual Machine Specification"/>
    <property name="java.awt.printerjob" value="sun.awt.windows.WPrinterJob"/>
    <property name="JOB_BASE_NAME" value="inetBankingV2_AllureReport_Maven"/>
    <property name="sun.os.patch.level" value=""/>
    <property name="ComSpec" value="C:\WINDOWS\system32\cmd.exe"/>
    <property name="org.slf4j.simpleLogger.defaultLogLevel" value="info"/>
    <property name="java.library.path" value="C:\Program Files\Java\jdk-11\bin;C:\WINDOWS\Sun\Java\bin;C:\WINDOWS\system32;C:\WINDOWS;C:\apache-maven-3.8.7/bin;C:\Program Files\Java\jdk-11\/bin;C:\Program Files\Java\jdk-11\/bin;C:\Program Files\Python38\Scripts\;C:\Program Files\Python38\;C:\Program Files\Common Files\Oracle\Java\javapath;C:\Program Files (x86)\Common Files\Oracle\Java\javapath;C:\WINDOWS\system32;C:\WINDOWS;C:\WINDOWS\System32\Wbem;C:\WINDOWS\System32\WindowsPowerShell\v1.0\;C:\WINDOWS\System32\OpenSSH\;C:\Program Files\Microsoft SQL Server\150\Tools\Binn\;C:\MinGW\bin;C:\apache-maven-3.8.7\bin\;C:\Program Files\Java\jdk1.8.0_321\bin;C:\apache-maven-3.8.7\\bin;C:\Program Files\nodejs\node_modules\;C:\Program Files\Git\cmd;C:\Program Files\Android\Android Studio\bin;C:\apache-maven-3.8.7\;C:\Program Files\Java\jdk1.8.0_321\\bin;C:\Users\sagar\AppData\Local\Android\Sdk\platform-tools;C:\Users\sagar\AppData\Local\Android\Sdk\tools;C:\Users\sagar\AppData\Local\Android\Sdk\build-tools;C:\Users\sagar\AppData\Local\Android\Sdk\tools\bin;C:\allure-2.13.0\bin;C:\Program Files\dotnet\;C:\Program Files (x86)\dotnet\;C:\Program Files\PuTTY\;C:\Gatling\gatling-charts-highcharts-bundle-3.9.5\bin;C:\Program Files\nodejs;C:\Program Files\nodejs\;C:\WINDOWS\system32\config\systemprofile\AppData\Local\Microsoft\WindowsApps;."/>
    <property name="BUILD_NUMBER" value="8"/>
    <property name="java.vendor" value="Oracle Corporation"/>
    <property name="BUILD_URL" value="http://localhost:8080/job/inetBankingV2_AllureReport_Maven/8/"/>
    <property name="RUN_ARTIFACTS_DISPLAY_URL" value="http://localhost:8080/job/inetBankingV2_AllureReport_Maven/8/display/redirect?page=artifacts"/>
    <property name="sun.io.unicode.encoding" value="UnicodeLittle"/>
    <property name="POM_DISPLAYNAME" value="BankingV2"/>
    <property name="NUMBER_OF_PROCESSORS" value="8"/>
    <property name="sun.desktop" value="windows"/>
    <property name="PROCESSOR_LEVEL" value="6"/>
    <property name="JOB_URL" value="http://localhost:8080/job/inetBankingV2_AllureReport_Maven/"/>
    <property name="java.class.path" value="C:\ProgramData\Jenkins\.jenkins\plugins\maven-plugin\WEB-INF\lib\maven35-agent-1.14.jar;C:\apache-maven-3.8.7\boot\plexus-classworlds-2.6.0.jar;C:\apache-maven-3.8.7/conf/logging"/>
    <property name="java.vm.vendor" value="Oracle Corporation"/>
    <property name="PROCESSOR_ARCHITECTURE" value="AMD64"/>
    <property name="PSModulePath" value="C:\Program Files\WindowsPowerShell\Modules;C:\WINDOWS\system32\WindowsPowerShell\v1.0\Modules"/>
    <property name="user.variant" value=""/>
    <property name="MAVEN_HOME" value="C:\apache-maven-3.8.7"/>
    <property name="user.timezone" value="Asia/Calcutta"/>
    <property name="maven.conf" value="C:\apache-maven-3.8.7\conf"/>
    <property name="os.name" value="Windows 11"/>
    <property name="java.vm.specification.version" value="11"/>
    <property name="RUN_TESTS_DISPLAY_URL" value="http://localhost:8080/job/inetBankingV2_AllureReport_Maven/8/display/redirect?page=tests"/>
    <property name="user.country" value="US"/>
    <property name="sun.java.launcher" value="SUN_STANDARD"/>
    <property name="POM_VERSION" value="0.0.1-SNAPSHOT"/>
    <property name="BUILD_TAG" value="jenkins-inetBankingV2_AllureReport_Maven-8"/>
    <property name="sun.cpu.endian" value="little"/>
    <property name="user.home" value="C:\WINDOWS\system32\config\systemprofile"/>
    <property name="user.language" value="en"/>
    <property name="javax.accessibility.assistive_technologies" value="com.sun.java.accessibility.AccessBridge"/>
    <property name="ProgramData" value="C:\ProgramData"/>
    <property name="ProgramW6432" value="C:\Program Files"/>
    <property name="java.awt.graphicsenv" value="sun.awt.Win32GraphicsEnvironment"/>
    <property name="JOB_DISPLAY_URL" value="http://localhost:8080/job/inetBankingV2_AllureReport_Maven/display/redirect"/>
    <property name="M2_HOME" value="C:\apache-maven-3.8.7"/>
    <property name="WINSW_EXECUTABLE" value="C:\Program Files\Jenkins\jenkins.exe"/>
    <property name="LOCALAPPDATA" value="C:\WINDOWS\system32\config\systemprofile\AppData\Local"/>
    <property name="POM_PACKAGING" value="jar"/>
    <property name="USERDOMAIN" value="WORKGROUP"/>
    <property name="path.separator" value=";"/>
    <property name="BUILD_ID" value="8"/>
    <property name="os.version" value="10.0"/>
    <property name="BASE" value="C:\Program Files\Jenkins"/>
    <property name="JOB_NAME" value="inetBankingV2_AllureReport_Maven"/>
    <property name="java.runtime.name" value="Java(TM) SE Runtime Environment"/>
    <property name="NODE_LABELS" value="built-in"/>
    <property name="java.vm.name" value="Java HotSpot(TM) 64-Bit Server VM"/>
    <property name="PATH+JDK" value="C:\Program Files\Java\jdk-11\/bin"/>
    <property name="VBOX_MSI_INSTALL_PATH" value="C:\Program Files\Oracle\VirtualBox\"/>
    <property name="CommonProgramFiles" value="C:\Program Files\Common Files"/>
    <property name="java.vendor.url.bug" value="https://bugreport.java.com/bugreport/"/>
    <property name="OS" value="Windows_NT"/>
    <property name="user.dir" value="F:\SeleniumProject\BankingV2_AllureReport"/>
    <property name="os.arch" value="amd64"/>
    <property name="EXECUTOR_NUMBER" value="1"/>
    <property name="HUDSON_SERVER_COOKIE" value="8ccac01d96873892"/>
    <property name="PROCESSOR_REVISION" value="7e05"/>
    <property name="CLASSPATH" value=""/>
    <property name="CommonProgramW6432" value="C:\Program Files\Common Files"/>
    <property name="SystemRoot" value="C:\WINDOWS"/>
    <property name="TEMP" value="C:\WINDOWS\TEMP"/>
    <property name="java.vm.info" value="mixed mode"/>
    <property name="java.vm.version" value="11.0.19+9-LTS-224"/>
    <property name="USERPROFILE" value="C:\WINDOWS\system32\config\systemprofile"/>
    <property name="TMP" value="C:\WINDOWS\TEMP"/>
    <property name="CommonProgramFiles(x86)" value="C:\Program Files (x86)\Common Files"/>
    <property name="java.class.version" value="55.0"/>
  </properties>
  <testcase name="validateWhetherUserAbleToLogin" classname="com.qa.test.suit.TC_LoginPage" time="8.919"/>
  <testcase name="verifyWhetherTheMangerAbleToAddNewCustomer" classname="com.qa.test.suit.TC_NewCutomer" time="12.844"/>
</testsuite>