<?xml version="1.0" encoding="UTF-8"?>
<!-- Generated by org.testng.reporters.JUnitReportReporter -->
<testsuite hostname="DESKTOP-VAQKFJ2" failures="0" tests="1" name="com.qa.test.allureReports.BaseClass" time="0.183" errors="0" timestamp="2023-09-07T14:23:51 IST" skipped="0">
  <testcase classname="com.qa.test.allureReports.BaseClass" name="tearDown" time="0.183"/>
</testsuite> <!-- com.qa.test.allureReports.BaseClass -->
