<?xml version="1.0" encoding="UTF-8"?>
<!-- Generated by org.testng.reporters.JUnitReportReporter -->
<testsuite hostname="DESKTOP-VAQKFJ2" failures="0" tests="1" name="com.qa.test.suit.TC_LoginPage" time="8.689" errors="0" timestamp="2023-09-30T18:32:43 IST" skipped="0">
  <testcase classname="com.qa.test.suit.TC_LoginPage" name="validateWhetherUserAbleToLogin" time="8.689"/>
</testsuite> <!-- com.qa.test.suit.TC_LoginPage -->
